<?xml version="1.0" encoding="UTF-8"?>
<!-- Generated by org.testng.reporters.JUnitXMLReporter -->
<testsuite hostname="USHYDKRISHNAS6" ignored="1" name="Functional tests" tests="4" failures="3" timestamp="15 Apr 2018 19:11:36 GMT" time="13.968" errors="0">
  <testcase name="Demo_TC01" time="0.038" classname="DemoSmokeTest.DemoSmokeTest">
    <failure type="java.lang.AssertionError" message="The following asserts failed:
	Entity Page -&amp;gt; Check if entity wizard is displayed expected [false] but found [true]">
      <![CDATA[java.lang.AssertionError: The following asserts failed:
Entity Page -> Check if entity wizard is displayed expected [false] but found [true]
at DemoSmokeTest.DemoSmokeTest.Demo_TC01(DemoSmokeTest.java:58)
at solvas.selenium.utilities.Driver.initiator(Driver.java:108)
... Removed 52 stack frames]]>
    </failure>
  </testcase> <!-- Demo_TC01 -->
  <testcase name="Demo_TC01" time="0.031" classname="DemoSmokeTest.DemoSmokeTest">
    <failure type="java.lang.AssertionError" message="The following asserts failed:
	Entity Page -&amp;gt; Check if entity wizard is displayed expected [false] but found [true]">
      <![CDATA[java.lang.AssertionError: The following asserts failed:
Entity Page -> Check if entity wizard is displayed expected [false] but found [true]
at DemoSmokeTest.DemoSmokeTest.Demo_TC01(DemoSmokeTest.java:58)
at solvas.selenium.utilities.Driver.initiator(Driver.java:108)
... Removed 52 stack frames]]>
    </failure>
  </testcase> <!-- Demo_TC01 -->
  <testcase name="Demo_TC01" time="0.01" classname="DemoSmokeTest.DemoSmokeTest">
    <failure type="java.lang.AssertionError" message="The following asserts failed:
	Entity Page -&amp;gt; Check if entity wizard is displayed expected [false] but found [true]">
      <![CDATA[java.lang.AssertionError: The following asserts failed:
Entity Page -> Check if entity wizard is displayed expected [false] but found [true]
at DemoSmokeTest.DemoSmokeTest.Demo_TC01(DemoSmokeTest.java:58)
at solvas.selenium.utilities.Driver.initiator(Driver.java:108)
... Removed 52 stack frames]]>
    </failure>
  </testcase> <!-- Demo_TC01 -->
  <testcase name="Demo_TC03" time="4.942" classname="DemoSmokeTest.DemoSmokeTest"/>
  <testcase name="Demo_TC02" time="0.0" classname="DemoSmokeTest.DemoSmokeTest">
    <ignored/>
  </testcase> <!-- Demo_TC02 -->
</testsuite> <!-- Functional tests -->
